<?xml version="1.0" encoding="UTF-8"?>
<coverage generated="1741796378850" clover="3.2.0">
  <project timestamp="1741796378850" name="All files">
    <metrics statements="21" coveredstatements="21" conditionals="11" coveredconditionals="10" methods="5" coveredmethods="5" elements="37" coveredelements="36" complexity="0" loc="21" ncloc="21" packages="1" files="3" classes="3"/>
    <file name="discount.js" path="D:\My Jobs\Jobs\OOCA\src\discount.js">
      <metrics statements="9" coveredstatements="9" conditionals="10" coveredconditionals="9" methods="3" coveredmethods="3"/>
      <line num="2" count="12" type="cond" truecount="3" falsecount="0"/>
      <line num="6" count="10" type="stmt"/>
      <line num="9" count="2" type="stmt"/>
      <line num="13" count="13" type="stmt"/>
      <line num="14" count="18" type="cond" truecount="4" falsecount="0"/>
      <line num="15" count="5" type="stmt"/>
      <line num="17" count="8" type="stmt"/>
      <line num="21" count="8" type="cond" truecount="2" falsecount="0"/>
      <line num="24" count="1" type="stmt"/>
    </file>
    <file name="index.js" path="D:\My Jobs\Jobs\OOCA\src\index.js">
      <metrics statements="6" coveredstatements="6" conditionals="1" coveredconditionals="1" methods="1" coveredmethods="1"/>
      <line num="1" count="1" type="stmt"/>
      <line num="2" count="1" type="stmt"/>
      <line num="7" count="6" type="stmt"/>
      <line num="8" count="6" type="stmt"/>
      <line num="10" count="6" type="stmt"/>
      <line num="14" count="1" type="stmt"/>
    </file>
    <file name="utils.js" path="D:\My Jobs\Jobs\OOCA\src\utils.js">
      <metrics statements="6" coveredstatements="6" conditionals="0" coveredconditionals="0" methods="1" coveredmethods="1"/>
      <line num="1" count="1" type="stmt"/>
      <line num="4" count="6" type="stmt"/>
      <line num="5" count="6" type="stmt"/>
      <line num="6" count="10" type="stmt"/>
      <line num="8" count="6" type="stmt"/>
      <line num="11" count="1" type="stmt"/>
    </file>
  </project>
</coverage>
