{"D:\\My Jobs\\Jobs\\OOCA\\src\\discount.js": {"path":"D:\\My Jobs\\Jobs\\OOCA\\src\\discount.js","statementMap":{"0":{"start":{"line":2,"column":4},"end":{"line":8,"column":5}},"1":{"start":{"line":6,"column":12},"end":{"line":6,"column":22}},"2":{"start":{"line":9,"column":4},"end":{"line":9,"column":12}},"3":{"start":{"line":13,"column":4},"end":{"line":16,"column":5}},"4":{"start":{"line":14,"column":8},"end":{"line":15,"column":36}},"5":{"start":{"line":15,"column":12},"end":{"line":15,"column":36}},"6":{"start":{"line":17,"column":4},"end":{"line":17,"column":12}},"7":{"start":{"line":21,"column":4},"end":{"line":21,"column":29}},"8":{"start":{"line":24,"column":0},"end":{"line":27,"column":1}}},"fnMap":{"0":{"name":"specialSets","decl":{"start":{"line":1,"column":9},"end":{"line":1,"column":20}},"loc":{"start":{"line":1,"column":26},"end":{"line":10,"column":1}},"line":1},"1":{"name":"discountFoodSet","decl":{"start":{"line":12,"column":9},"end":{"line":12,"column":24}},"loc":{"start":{"line":12,"column":32},"end":{"line":18,"column":1}},"line":12},"2":{"name":"membership","decl":{"start":{"line":20,"column":9},"end":{"line":20,"column":19}},"loc":{"start":{"line":20,"column":37},"end":{"line":22,"column":1}},"line":20}},"branchMap":{"0":{"loc":{"start":{"line":2,"column":4},"end":{"line":8,"column":5}},"type":"switch","locations":[{"start":{"line":3,"column":8},"end":{"line":3,"column":22}},{"start":{"line":4,"column":8},"end":{"line":4,"column":20}},{"start":{"line":5,"column":8},"end":{"line":6,"column":22}}],"line":2},"1":{"loc":{"start":{"line":14,"column":8},"end":{"line":15,"column":36}},"type":"if","locations":[{"start":{"line":14,"column":8},"end":{"line":15,"column":36}},{"start":{},"end":{}}],"line":14},"2":{"loc":{"start":{"line":14,"column":12},"end":{"line":14,"column":53}},"type":"binary-expr","locations":[{"start":{"line":14,"column":12},"end":{"line":14,"column":28}},{"start":{"line":14,"column":32},"end":{"line":14,"column":53}}],"line":14},"3":{"loc":{"start":{"line":20,"column":20},"end":{"line":20,"column":35}},"type":"default-arg","locations":[{"start":{"line":20,"column":30},"end":{"line":20,"column":35}}],"line":20},"4":{"loc":{"start":{"line":21,"column":11},"end":{"line":21,"column":29}},"type":"cond-expr","locations":[{"start":{"line":21,"column":23},"end":{"line":21,"column":25}},{"start":{"line":21,"column":28},"end":{"line":21,"column":29}}],"line":21}},"s":{"0":12,"1":10,"2":2,"3":13,"4":18,"5":5,"6":8,"7":8,"8":1},"f":{"0":12,"1":13,"2":8},"b":{"0":[2,4,10],"1":[5,13],"2":[18,7],"3":[0],"4":[4,4]},"_coverageSchema":"1a1c01bbd47fc00a2c39e90264f33305004495a9","hash":"e69fdf4a8f9fa9abd12d3263806cc2b753c0de8f"}
,"D:\\My Jobs\\Jobs\\OOCA\\src\\index.js": {"path":"D:\\My Jobs\\Jobs\\OOCA\\src\\index.js","statementMap":{"0":{"start":{"line":1,"column":40},"end":{"line":1,"column":61}},"1":{"start":{"line":2,"column":23},"end":{"line":2,"column":41}},"2":{"start":{"line":7,"column":16},"end":{"line":7,"column":33}},"3":{"start":{"line":8,"column":19},"end":{"line":8,"column":62}},"4":{"start":{"line":10,"column":4},"end":{"line":10,"column":37}},"5":{"start":{"line":14,"column":0},"end":{"line":16,"column":1}}},"fnMap":{"0":{"name":"order","decl":{"start":{"line":4,"column":9},"end":{"line":4,"column":14}},"loc":{"start":{"line":4,"column":36},"end":{"line":12,"column":1}},"line":4}},"branchMap":{"0":{"loc":{"start":{"line":4,"column":22},"end":{"line":4,"column":34}},"type":"default-arg","locations":[{"start":{"line":4,"column":29},"end":{"line":4,"column":34}}],"line":4}},"s":{"0":1,"1":1,"2":6,"3":6,"4":6,"5":1},"f":{"0":6},"b":{"0":[3]},"_coverageSchema":"1a1c01bbd47fc00a2c39e90264f33305004495a9","hash":"56ca72d933b01bb43d2c88ca966b24f998b6b40c"}
,"D:\\My Jobs\\Jobs\\OOCA\\src\\utils.js": {"path":"D:\\My Jobs\\Jobs\\OOCA\\src\\utils.js","statementMap":{"0":{"start":{"line":1,"column":18},"end":{"line":1,"column":45}},"1":{"start":{"line":4,"column":16},"end":{"line":4,"column":17}},"2":{"start":{"line":5,"column":4},"end":{"line":7,"column":5}},"3":{"start":{"line":6,"column":8},"end":{"line":6,"column":46}},"4":{"start":{"line":8,"column":4},"end":{"line":8,"column":16}},"5":{"start":{"line":11,"column":0},"end":{"line":13,"column":1}}},"fnMap":{"0":{"name":"totalPrice","decl":{"start":{"line":3,"column":9},"end":{"line":3,"column":19}},"loc":{"start":{"line":3,"column":27},"end":{"line":9,"column":1}},"line":3}},"branchMap":{},"s":{"0":1,"1":6,"2":6,"3":10,"4":6,"5":1},"f":{"0":6},"b":{},"_coverageSchema":"1a1c01bbd47fc00a2c39e90264f33305004495a9","hash":"4ac9a9ee1f01c335311f27f75b769375e083e371"}
}
