TN:
SF:src\discount.js
FN:1,specialSets
FN:12,discountFoodSet
FN:20,membership
FNF:3
FNH:3
FNDA:12,specialSets
FNDA:13,discountFoodSet
FNDA:8,membership
DA:2,12
DA:6,10
DA:9,2
DA:13,13
DA:14,18
DA:15,5
DA:17,8
DA:21,8
DA:24,1
LF:9
LH:9
BRDA:2,0,0,2
BRDA:2,0,1,4
BRDA:2,0,2,10
BRDA:14,1,0,5
BRDA:14,1,1,13
BRDA:14,2,0,18
BRDA:14,2,1,7
BRDA:20,3,0,0
BRDA:21,4,0,4
BRDA:21,4,1,4
BRF:10
BRH:9
end_of_record
TN:
SF:src\index.js
FN:4,order
FNF:1
FNH:1
FNDA:6,order
DA:1,1
DA:2,1
DA:7,6
DA:8,6
DA:10,6
DA:14,1
LF:6
LH:6
BRDA:4,0,0,3
BRF:1
BRH:1
end_of_record
TN:
SF:src\utils.js
FN:3,totalPrice
FNF:1
FNH:1
FNDA:6,totalPrice
DA:1,1
DA:4,6
DA:5,6
DA:6,10
DA:8,6
DA:11,1
LF:6
LH:6
BRF:0
BRH:0
end_of_record
